C51 COMPILER V9.59.0.0   12864                                                             01/19/2019 20:05:13 PAGE 1   


C51 COMPILER V9.59.0.0, COMPILATION OF MODULE 12864
OBJECT MODULE PLACED IN .\Objects\12864.obj
COMPILER INVOKED BY: D:\Keil_v5\C51\BIN\C51.EXE 12864.c COMPACT OPTIMIZE(8,SPEED) BROWSE DEBUG OBJECTEXTEND PRINT(.\List
                    -ings\12864.lst) TABS(2) OBJECT(.\Objects\12864.obj)

line level    source

   1          #include <reg52.h>
   2          //#include <intrins.h>  
   3          //#include "delay.h"
   4          
   5          #define uchar unsigned char
   6          #define uint  unsigned int
   7            
   8          #define LCD_data  P0     
   9          
  10          sbit LCD_RS  =  P3^5;
  11          sbit LCD_RW  =  P3^6;
  12          sbit LCD_EN  =  P3^4;
  13          sbit LCD_PSB =  P3^7;
  14          
  15          bit LCD12864_Busy()
  16           {                          
  17   1          bit result;
  18   1          LCD_RS = 0;
  19   1          LCD_RW = 1;
  20   1          LCD_EN = 1;
  21   1          //delay(1);
  22   1          result = (bit)(P0&0x80);
  23   1          LCD_EN = 0;
  24   1          return(result); 
  25   1       }
  26          
  27          void LCD12864_WriteCmd(uchar cmd)
  28          {                          
  29   1         while(LCD12864_Busy());
  30   1          LCD_RS = 0;
  31   1          LCD_RW = 0;
  32   1          LCD_EN = 0;
  33   1          //delay(1);
  34   1          P0 = cmd;
  35   1          //delay(1);
  36   1          LCD_EN = 1;
  37   1          //delay(1);
  38   1          LCD_EN = 0;  
  39   1      }
  40          
  41          void LCD12864_WriteData(uchar dat)
  42          {                          
  43   1         while(LCD12864_Busy());
  44   1          LCD_RS = 1;
  45   1          LCD_RW = 0;
  46   1          LCD_EN = 0;
  47   1          P0 = dat;
  48   1          //delay(1);
  49   1          LCD_EN = 1;
  50   1          //delay(1);
  51   1          LCD_EN = 0; 
  52   1      }
  53          
  54          void LCD12864_Positon(uchar x,uchar y)  //确定显示位置
C51 COMPILER V9.59.0.0   12864                                                             01/19/2019 20:05:13 PAGE 2   

  55          {                          
  56   1         uchar  pos;
  57   1         if (x==0)
  58   1           {x=0x80;}
  59   1         else if (x==1)
  60   1           {x=0x90;}
  61   1         else if (x==2)
  62   1           {x=0x88;}
  63   1         else if (x==3)
  64   1           {x=0x98;}
  65   1         pos = x+y ;  
  66   1         LCD12864_WriteCmd(pos);     //显示地址
  67   1      }
  68          
  69          void LCD12864_Clear() {
  70   1        LCD12864_WriteCmd(0x01);      //清除LCD的显示内容
  71   1        //delay(5); 
  72   1        LCD12864_Positon(0, 0);
  73   1      }
  74          
  75          void LCD12864_Init()
  76          { 
  77   1      //
  78   1          LCD_PSB = 1;         //并口方式
  79   1          LCD12864_WriteCmd(0x34);      //扩充指令操作
  80   1          //delay(5);       
  81   1          LCD12864_WriteCmd(0x30);      //基本指令操作
  82   1          //delay(5); 
  83   1          LCD12864_WriteCmd(0x0C);      //显示开，关光标
  84   1          //delay(5);
  85   1          LCD12864_Clear();
  86   1      }
  87          
  88          void LCD12864_WriteText(uchar text[]) {
  89   1        uchar i;
  90   1        for (i = 0; text[i] != '\0'; i++) {
  91   2          LCD12864_WriteData(text[i]);
  92   2          //delay(1);
  93   2        }
  94   1      }


MODULE INFORMATION:   STATIC OVERLAYABLE
   CODE SIZE        =    167    ----
   CONSTANT SIZE    =   ----    ----
   XDATA SIZE       =   ----    ----
   PDATA SIZE       =   ----       3
   DATA SIZE        =   ----    ----
   IDATA SIZE       =   ----    ----
   BIT SIZE         =   ----       1
END OF MODULE INFORMATION.


C51 COMPILATION COMPLETE.  0 WARNING(S),  0 ERROR(S)
