C51 COMPILER V9.59.0.0   DELAY                                                             01/19/2019 20:05:13 PAGE 1   


C51 COMPILER V9.59.0.0, COMPILATION OF MODULE DELAY
OBJECT MODULE PLACED IN .\Objects\delay.obj
COMPILER INVOKED BY: D:\Keil_v5\C51\BIN\C51.EXE delay.c COMPACT OPTIMIZE(8,SPEED) BROWSE DEBUG OBJECTEXTEND PRINT(.\List
                    -ings\delay.lst) TABS(2) OBJECT(.\Objects\delay.obj)

line level    source

   1          #include <intrins.h>
   2          
   3          void Delay100us()   //@24.576MHz
   4          {
   5   1        unsigned char i;
   6   1      
   7   1        _nop_();
   8   1        i = 99;
   9   1        while (--i);
  10   1      }
  11          
  12          void delay(unsigned int ms)
  13          {
  14   1        while (ms--) {
  15   2          Delay100us();
  16   2          Delay100us();
  17   2          Delay100us();
  18   2          Delay100us();
  19   2          Delay100us();
  20   2          Delay100us();
  21   2          Delay100us();
  22   2          Delay100us();
  23   2          Delay100us();
  24   2          Delay100us();
  25   2        }
  26   1      }


MODULE INFORMATION:   STATIC OVERLAYABLE
   CODE SIZE        =     41    ----
   CONSTANT SIZE    =   ----    ----
   XDATA SIZE       =   ----    ----
   PDATA SIZE       =   ----    ----
   DATA SIZE        =   ----    ----
   IDATA SIZE       =   ----    ----
   BIT SIZE         =   ----    ----
END OF MODULE INFORMATION.


C51 COMPILATION COMPLETE.  0 WARNING(S),  0 ERROR(S)
