C51 COMPILER V9.59.0.0   MAIN                                                              01/19/2019 20:05:13 PAGE 1   


C51 COMPILER V9.59.0.0, COMPILATION OF MODULE MAIN
OBJECT MODULE PLACED IN .\Objects\main.obj
COMPILER INVOKED BY: D:\Keil_v5\C51\BIN\C51.EXE main.c COMPACT OPTIMIZE(8,SPEED) BROWSE DEBUG OBJECTEXTEND PRINT(.\Listi
                    -ngs\main.lst) TABS(2) OBJECT(.\Objects\main.obj)

line level    source

   1          #include <STC89C5xRC.H>
   2          #include "serial.h"
   3          #include "sdcard.h"
   4          #include "12864.h"
   5          #include "delay.h"
   6          #include "num.h"
   7          #include "fs.h"
   8          #include "max7219.h"
   9          #include "player.h"
  10          
  11          #define uchar unsigned char
  12          #define uint unsigned int
  13          #define ulong unsigned long int
  14            
  15          sbit BTN_B = P1^7;
  16          sbit BTN_A = P1^5;
  17          
  18          extern struct SD_INFO SD_Info;    // SD卡信息
  19          extern ulong FILE_BadApple_StartClust;  
  20          
  21          // 等待A键按下
  22          void waitA() {
  23   1        while (!BTN_A);
  24   1        delay(100);
  25   1      }
  26          
  27          void waitB() {
  28   1        while (!BTN_B);
  29   1        delay(100);
  30   1      }
  31          
  32          void Init_CheckSD() {
  33   1        while (1) {
  34   2          SD_Init();
  35   2          if (SD_Info.SD_Type == SD_1) {
  36   3            LCD12864_Positon(0, 0);
  37   3            LCD12864_WriteText("    SD卡可用    ");
  38   3            break;
  39   3          } else if (SD_Info.SD_Type == UNINITIALIZED) {
  40   3            LCD12864_Positon(0, 0);
  41   3            LCD12864_WriteText("SD卡不可用      ");
  42   3          } else {
  43   3            LCD12864_Positon(0, 0);
  44   3            LCD12864_WriteText("SD卡不支持      ");
  45   3          }
  46   2          Delay100us();
  47   2          LCD12864_Positon(3, 0);
  48   2          LCD12864_WriteText("按Ａ键继续...");
  49   2          waitA();
  50   2          LCD12864_Positon(3, 0);
  51   2          LCD12864_WriteText("                ");
  52   2        }
  53   1      }
  54          
C51 COMPILER V9.59.0.0   MAIN                                                              01/19/2019 20:05:13 PAGE 2   

  55          void main() {
  56   1        delay(200);
  57   1        Serial_InitWithT2();
  58   1        MAX7219_Init();
  59   1        LCD12864_Init();
  60   1        LCD12864_WriteText("Loading...");
  61   1        delay(700);
  62   1        Init_CheckSD();
  63   1        FS_Init();
  64   1        FS_FindBadAppleBin();
  65   1        if (!FILE_BadApple_StartClust)
  66   1          while (1); // 如果没有找到badapple.bin 停止运行
  67   1        LCD12864_Positon(3, 0);
  68   1        LCD12864_WriteText("按Ａ键继续...");
  69   1        waitA();
  70   1        Player_Test();
  71   1        LCD12864_Clear();
  72   1        LCD12864_WriteText("  Bad Apple!!");
  73   1        LCD12864_Positon(1, 0);
  74   1        LCD12864_WriteText("暮光小猿wzt 制作");
  75   1        LCD12864_Positon(2, 0);
  76   1        LCD12864_WriteText("哔哩哔哩    干杯");
  77   1        LCD12864_Positon(3, 0);
  78   1        LCD12864_WriteText("按Ｂ键播放");
  79   1        waitB();
  80   1        LCD12864_Positon(3, 0);
  81   1        LCD12864_WriteText("播放中    嘤嘤嘤");
  82   1        Player_Play();
  83   1        while (1);
  84   1      }


MODULE INFORMATION:   STATIC OVERLAYABLE
   CODE SIZE        =    285    ----
   CONSTANT SIZE    =    169    ----
   XDATA SIZE       =   ----    ----
   PDATA SIZE       =   ----    ----
   DATA SIZE        =   ----    ----
   IDATA SIZE       =   ----    ----
   BIT SIZE         =   ----    ----
END OF MODULE INFORMATION.


C51 COMPILATION COMPLETE.  0 WARNING(S),  0 ERROR(S)
