C51 COMPILER V9.59.0.0   SERIAL                                                            01/19/2019 20:05:14 PAGE 1   


C51 COMPILER V9.59.0.0, COMPILATION OF MODULE SERIAL
OBJECT MODULE PLACED IN .\Objects\serial.obj
COMPILER INVOKED BY: D:\Keil_v5\C51\BIN\C51.EXE serial.c COMPACT OPTIMIZE(8,SPEED) BROWSE DEBUG OBJECTEXTEND PRINT(.\Lis
                    -tings\serial.lst) TABS(2) OBJECT(.\Objects\serial.obj)

line level    source

   1          #include <reg52.h>
   2          
   3          #define uchar unsigned char
   4          
   5          // FOSC/32*(65535-RCAP2)
   6          
   7          uchar pos = 0, recv[10];
   8          
   9          extern bit Player_Playing;
  10          
  11          void Serial_InitWithT2() {
  12   1        PCON &= 0x7F; //SMOD=0
  13   1        SCON = 0x50; //方式1 允许接收       SM0=0 SM1=1 SM2=0 REN=1
  14   1        T2CON = 0x34;
  15   1        RCAP2H = 0xFF;
  16   1        RCAP2L = 0xFF - 80;
  17   1        TH2 = RCAP2H;
  18   1        TL2 = RCAP2L;
  19   1        TR2 = 1;
  20   1        EA = 1;
  21   1        ES = 1;
  22   1      }
  23          
  24          void Serial_Send(uchar dat) {
  25   1        SBUF = dat;
  26   1        while (!TI);
  27   1        TI = 0;
  28   1      }
  29          
  30          /*void Serial_Send_Str(uchar dat[]) {
  31            uchar i;
  32            for (i = 0; dat[i] != '\0'; i++) {
  33              Serial_Send(dat[i]);
  34            }
  35          }*/
  36          
  37          void serial() interrupt 4 {
  38   1        if (RI) {
  39   2          recv[pos++] = SBUF;
  40   2          RI = 0;
  41   2          if (pos == 10)
  42   2            pos = 0;
  43   2          if (recv[3] == 0x3D) // 播放完成
  44   2            Player_Playing = 0;
  45   2        }
  46   1      }


MODULE INFORMATION:   STATIC OVERLAYABLE
   CODE SIZE        =     91    ----
   CONSTANT SIZE    =   ----    ----
   XDATA SIZE       =   ----    ----
   PDATA SIZE       =     11    ----
   DATA SIZE        =   ----    ----
C51 COMPILER V9.59.0.0   SERIAL                                                            01/19/2019 20:05:14 PAGE 2   

   IDATA SIZE       =   ----    ----
   BIT SIZE         =   ----    ----
END OF MODULE INFORMATION.


C51 COMPILATION COMPLETE.  0 WARNING(S),  0 ERROR(S)
